<?xml version="1.0" encoding="UTF-8" standalone="yes"?><!DOCTYPE report PUBLIC "-//JACOCO//DTD Report 1.0//EN" "report.dtd"><report name="spring-cloud-service-filter"><sessioninfo id="" start="1532961617749" dump="1532961619832"/><sessioninfo id="cn.home1.test.IsAliveTest testIsAlive" start="1532961619847" dump="1532961619860"/><sessioninfo id="" start="1532961619864" dump="1532961619889"/><sessioninfo id="cn.home1.test.CopyOutputStreamTest testNotFound" start="1532961619892" dump="1532961626036"/><sessioninfo id="" start="1532961626041" dump="1532961626041"/><sessioninfo id="cn.home1.test.CopyOutputStreamTest testFound" start="1532961626043" dump="1532961629051"/><sessioninfo id="" start="1532961629059" dump="1532961711915"/><sessioninfo id="cn.home1.cloud.netflix.eureka.client.EurekaInstanceTests testEurekaInstance" start="1532961712037" dump="1532961742183"/><sessioninfo id="cn.home1.cloud.netflix.eureka.client.EurekaInstanceTests testEurekaInstance" start="1532961742205" dump="1532961742829"/></report>