<?xml version="1.0" encoding="UTF-8" standalone="yes"?><!DOCTYPE report PUBLIC "-//JACOCO//DTD Report 1.0//EN" "report.dtd"><report name="Combined"><sessioninfo id="" start="1532963205221" dump="1532963207311"/><sessioninfo id="cn.home1.test.IsAliveTest testIsAlive" start="1532963207326" dump="1532963207339"/><sessioninfo id="" start="1532963207342" dump="1532963207356"/><sessioninfo id="cn.home1.test.CopyOutputStreamTest testNotFound" start="1532963207358" dump="1532963213531"/><sessioninfo id="" start="1532963213535" dump="1532963213540"/><sessioninfo id="cn.home1.test.CopyOutputStreamTest testFound" start="1532963213542" dump="1532963216551"/><sessioninfo id="" start="1532963216564" dump="1532963299260"/><sessioninfo id="cn.home1.cloud.netflix.eureka.client.EurekaInstanceTests testEurekaInstance" start="1532963299373" dump="1532963329523"/><sessioninfo id="cn.home1.cloud.netflix.eureka.client.EurekaInstanceTests testEurekaInstance" start="1532963329540" dump="1532963330114"/></report>