<?xml version="1.0" encoding="UTF-8" standalone="yes"?><!DOCTYPE report PUBLIC "-//JACOCO//DTD Report 1.0//EN" "report.dtd"><report name="spring-cloud-service-filter"><sessioninfo id="" start="1532520792707" dump="1532520794530"/><sessioninfo id="cn.home1.test.IsAliveTest testIsAlive" start="1532520794544" dump="1532520794581"/><sessioninfo id="" start="1532520794589" dump="1532520794591"/><sessioninfo id="cn.home1.test.CopyOutputStreamTest testNotFound" start="1532520794593" dump="1532520800749"/><sessioninfo id="" start="1532520800758" dump="1532520800758"/><sessioninfo id="cn.home1.test.CopyOutputStreamTest testFound" start="1532520800760" dump="1532520803773"/><sessioninfo id="" start="1532520803778" dump="1532520856629"/><sessioninfo id="cn.home1.cloud.netflix.eureka.client.EurekaInstanceTests testEurekaInstance" start="1532520856760" dump="1532520886932"/><sessioninfo id="cn.home1.cloud.netflix.eureka.client.EurekaInstanceTests testEurekaInstance" start="1532520886966" dump="1532520899079"/></report>