<?xml version="1.0" encoding="UTF-8" standalone="yes"?><!DOCTYPE report PUBLIC "-//JACOCO//DTD Report 1.0//EN" "report.dtd"><report name="spring-cloud-service-filter"><sessioninfo id="" start="1532508119737" dump="1532508121624"/><sessioninfo id="cn.home1.test.IsAliveTest testIsAlive" start="1532508121642" dump="1532508121694"/><sessioninfo id="" start="1532508121700" dump="1532508121735"/><sessioninfo id="cn.home1.test.CopyOutputStreamTest testNotFound" start="1532508121737" dump="1532508127882"/><sessioninfo id="" start="1532508127888" dump="1532508127889"/><sessioninfo id="cn.home1.test.CopyOutputStreamTest testFound" start="1532508127892" dump="1532508130901"/><sessioninfo id="" start="1532508130911" dump="1532508185937"/><sessioninfo id="cn.home1.cloud.netflix.eureka.client.EurekaInstanceTests testEurekaInstance" start="1532508186091" dump="1532508216428"/><sessioninfo id="cn.home1.cloud.netflix.eureka.client.EurekaInstanceTests testEurekaInstance" start="1532508216465" dump="1532508231913"/></report>