<?xml version="1.0" encoding="UTF-8" standalone="yes"?><!DOCTYPE report PUBLIC "-//JACOCO//DTD Report 1.0//EN" "report.dtd"><report name="Combined"><sessioninfo id="" start="1532509630747" dump="1532509632620"/><sessioninfo id="cn.home1.test.IsAliveTest testIsAlive" start="1532509632635" dump="1532509632689"/><sessioninfo id="" start="1532509632696" dump="1532509632744"/><sessioninfo id="cn.home1.test.CopyOutputStreamTest testNotFound" start="1532509632747" dump="1532509639013"/><sessioninfo id="" start="1532509639019" dump="1532509639020"/><sessioninfo id="cn.home1.test.CopyOutputStreamTest testFound" start="1532509639022" dump="1532509642030"/><sessioninfo id="" start="1532509642038" dump="1532509698064"/><sessioninfo id="cn.home1.cloud.netflix.eureka.client.EurekaInstanceTests testEurekaInstance" start="1532509698191" dump="1532509728314"/><sessioninfo id="cn.home1.cloud.netflix.eureka.client.EurekaInstanceTests testEurekaInstance" start="1532509728348" dump="1532509746422"/></report>