<?xml version="1.0" encoding="UTF-8" standalone="yes"?><!DOCTYPE report PUBLIC "-//JACOCO//DTD Report 1.0//EN" "report.dtd"><report name="Combined"><sessioninfo id="" start="1532500994800" dump="1532500996830"/><sessioninfo id="cn.home1.test.IsAliveTest testIsAlive" start="1532500996840" dump="1532500996893"/><sessioninfo id="" start="1532500996900" dump="1532500996920"/><sessioninfo id="cn.home1.test.CopyOutputStreamTest testNotFound" start="1532500996933" dump="1532501003111"/><sessioninfo id="" start="1532501003121" dump="1532501003121"/><sessioninfo id="cn.home1.test.CopyOutputStreamTest testFound" start="1532501003123" dump="1532501006129"/><sessioninfo id="" start="1532501006133" dump="1532501065955"/><sessioninfo id="cn.home1.cloud.netflix.eureka.client.EurekaInstanceTests testEurekaInstance" start="1532501066155" dump="1532501096590"/><sessioninfo id="cn.home1.cloud.netflix.eureka.client.EurekaInstanceTests testEurekaInstance" start="1532501096653" dump="1532501119047"/></report>